#
# There is insufficient memory for the Java Runtime Environment to continue.
# Native memory allocation (malloc) failed to allocate 985856 bytes for Chunk::new
# Possible reasons:
#   The system is out of physical RAM or swap space
#   The process is running with CompressedOops enabled, and the Java Heap may be blocking the growth of the native heap
# Possible solutions:
#   Reduce memory load on the system
#   Increase physical memory or swap space
#   Check if swap backing store is full
#   Decrease Java heap size (-Xmx/-Xms)
#   Decrease number of Java threads
#   Decrease Java thread stack sizes (-Xss)
#   Set larger code cache with -XX:ReservedCodeCacheSize=
#   JVM is running with Unscaled Compressed Oops mode in which the Java heap is
#     placed in the first 4GB address space. The Java Heap base address is the
#     maximum limit for the native heap growth. Please use -XX:HeapBaseMinAddress
#     to set the Java Heap base and to place the Java Heap above 4GB virtual address.
# This output file may be truncated or incomplete.
#
#  Out of Memory Error (allocation.cpp:389), pid=19504, tid=0x00000000000086a4
#
# JRE version: OpenJDK Runtime Environment (8.0_242-b01) (build 1.8.0_242-release-1644-b01)
# Java VM: OpenJDK 64-Bit Server VM (25.242-b01 mixed mode windows-amd64 compressed oops)
# Failed to write core dump. Minidumps are not enabled by default on client versions of Windows
#

---------------  T H R E A D  ---------------

Current thread (0x0000000019294000):  JavaThread "C2 CompilerThread0" daemon [_thread_in_native, id=34468, stack(0x000000001a900000,0x000000001aa00000)]

Stack: [0x000000001a900000,0x000000001aa00000]
[error occurred during error reporting (printing stack bounds), id 0xc0000005]

Native frames: (J=compiled Java code, j=interpreted, Vv=VM code, C=native code)


Current CompileTask:
C2:   4834 5025 %     4       org.gradle.internal.instantiation.generator.AbstractClassGenerator::inspectType @ 107 (560 bytes)


---------------  P R O C E S S  ---------------

Java Threads: ( => current thread )
  0x000000001ca54800 JavaThread "File lock release action executor" [_thread_blocked, id=28584, stack(0x000000002c5b0000,0x000000002c6b0000)]
  0x000000001ca56800 JavaThread "Cache worker for file content cache (C:\Users\Administrator\AndroidStudioProjects\FinalProj_Alpha\.gradle\6.5\fileContent)" [_thread_blocked, id=27412, stack(0x000000002b480000,0x000000002b580000)]
  0x000000001ca56000 JavaThread "Memory manager" [_thread_blocked, id=28624, stack(0x000000002b230000,0x000000002b330000)]
  0x000000001ca59000 JavaThread "Cache worker for Build Output Cleanup Cache (C:\Users\Administrator\AndroidStudioProjects\FinalProj_Alpha\.gradle\buildOutputCleanup)" [_thread_blocked, id=4620, stack(0x000000002b380000,0x000000002b480000)]
  0x000000001ca5a800 JavaThread "jar transforms Thread 92" [_thread_blocked, id=33012, stack(0x000000002b130000,0x000000002b230000)]
  0x000000001ca57800 JavaThread "jar transforms Thread 91" [_thread_blocked, id=4148, stack(0x000000002b030000,0x000000002b130000)]
  0x0000000022586800 JavaThread "jar transforms Thread 90" [_thread_blocked, id=19008, stack(0x000000002af30000,0x000000002b030000)]
  0x000000002258b000 JavaThread "jar transforms Thread 89" [_thread_blocked, id=20028, stack(0x000000002ae30000,0x000000002af30000)]
  0x000000002258a800 JavaThread "jar transforms Thread 88" [_thread_blocked, id=22616, stack(0x000000002ad30000,0x000000002ae30000)]
  0x0000000022589800 JavaThread "jar transforms Thread 87" [_thread_blocked, id=30964, stack(0x000000002ac30000,0x000000002ad30000)]
  0x0000000022589000 JavaThread "jar transforms Thread 86" [_thread_blocked, id=21252, stack(0x000000002ab30000,0x000000002ac30000)]
  0x0000000022587800 JavaThread "jar transforms Thread 85" [_thread_blocked, id=21324, stack(0x000000002aa30000,0x000000002ab30000)]
  0x0000000022588000 JavaThread "jar transforms Thread 84" [_thread_blocked, id=5816, stack(0x000000002a830000,0x000000002a930000)]
  0x000000002257f000 JavaThread "jar transforms Thread 83" [_thread_blocked, id=28596, stack(0x000000002a730000,0x000000002a830000)]
  0x0000000022586000 JavaThread "jar transforms Thread 82" [_thread_blocked, id=23732, stack(0x000000002a630000,0x000000002a730000)]
  0x0000000022585000 JavaThread "jar transforms Thread 81" [_thread_blocked, id=18764, stack(0x000000002a530000,0x000000002a630000)]
  0x000000002257d800 JavaThread "jar transforms Thread 80" [_thread_blocked, id=3792, stack(0x000000002a430000,0x000000002a530000)]
  0x0000000022583800 JavaThread "jar transforms Thread 79" [_thread_blocked, id=33688, stack(0x000000002a330000,0x000000002a430000)]
  0x0000000022584800 JavaThread "jar transforms Thread 78" [_thread_blocked, id=5948, stack(0x000000002a230000,0x000000002a330000)]
  0x000000002257c000 JavaThread "jar transforms Thread 77" [_thread_blocked, id=30656, stack(0x000000002a130000,0x000000002a230000)]
  0x0000000022582000 JavaThread "jar transforms Thread 76" [_thread_blocked, id=32408, stack(0x000000002a030000,0x000000002a130000)]
  0x000000002257e800 JavaThread "jar transforms Thread 75" [_thread_blocked, id=30460, stack(0x0000000029f30000,0x000000002a030000)]
  0x0000000022581800 JavaThread "jar transforms Thread 74" [_thread_blocked, id=29796, stack(0x0000000029e30000,0x0000000029f30000)]
  0x0000000022580800 JavaThread "jar transforms Thread 73" [_thread_blocked, id=4264, stack(0x0000000029d30000,0x0000000029e30000)]
  0x000000002257d000 JavaThread "jar transforms Thread 72" [_thread_blocked, id=19772, stack(0x0000000029c30000,0x0000000029d30000)]
  0x0000000022583000 JavaThread "jar transforms Thread 71" [_thread_blocked, id=21800, stack(0x0000000029b30000,0x0000000029c30000)]
  0x0000000022580000 JavaThread "jar transforms Thread 70" [_thread_blocked, id=5464, stack(0x0000000029a30000,0x0000000029b30000)]
  0x000000001d5c6000 JavaThread "jar transforms Thread 69" [_thread_blocked, id=19956, stack(0x0000000029930000,0x0000000029a30000)]
  0x000000001d5cd000 JavaThread "jar transforms Thread 68" [_thread_blocked, id=10296, stack(0x0000000029830000,0x0000000029930000)]
  0x000000001d5c5800 JavaThread "jar transforms Thread 67" [_thread_blocked, id=32192, stack(0x0000000029730000,0x0000000029830000)]
  0x000000001d5ca800 JavaThread "jar transforms Thread 66" [_thread_blocked, id=33264, stack(0x0000000029630000,0x0000000029730000)]
  0x000000001d5c8800 JavaThread "jar transforms Thread 65" [_thread_blocked, id=33580, stack(0x0000000029530000,0x0000000029630000)]
  0x000000001d5ca000 JavaThread "jar transforms Thread 64" [_thread_blocked, id=29220, stack(0x0000000029430000,0x0000000029530000)]
  0x000000001d5cb800 JavaThread "jar transforms Thread 63" [_thread_blocked, id=20828, stack(0x0000000029330000,0x0000000029430000)]
  0x000000001d5c7000 JavaThread "jar transforms Thread 62" [_thread_blocked, id=33056, stack(0x0000000029230000,0x0000000029330000)]
  0x000000001d5c7800 JavaThread "jar transforms Thread 61" [_thread_blocked, id=27080, stack(0x0000000029130000,0x0000000029230000)]
  0x000000001d5cc000 JavaThread "jar transforms Thread 60" [_thread_blocked, id=2948, stack(0x0000000029030000,0x0000000029130000)]
  0x000000001d5c9000 JavaThread "jar transforms Thread 59" [_thread_blocked, id=29984, stack(0x0000000028f30000,0x0000000029030000)]
  0x000000001d5be000 JavaThread "jar transforms Thread 58" [_thread_blocked, id=2196, stack(0x0000000028e30000,0x0000000028f30000)]
  0x000000001d5c4800 JavaThread "jar transforms Thread 57" [_thread_blocked, id=30232, stack(0x0000000028d30000,0x0000000028e30000)]
  0x000000001d5be800 JavaThread "jar transforms Thread 56" [_thread_blocked, id=30156, stack(0x0000000028c30000,0x0000000028d30000)]
  0x000000001d5c4000 JavaThread "jar transforms Thread 55" [_thread_blocked, id=18264, stack(0x0000000028b30000,0x0000000028c30000)]
  0x000000001d5c2800 JavaThread "jar transforms Thread 54" [_thread_blocked, id=10620, stack(0x0000000028a30000,0x0000000028b30000)]
  0x000000001d5c3000 JavaThread "jar transforms Thread 53" [_thread_blocked, id=10644, stack(0x0000000028930000,0x0000000028a30000)]
  0x000000001d5c1000 JavaThread "jar transforms Thread 52" [_thread_blocked, id=31460, stack(0x0000000028830000,0x0000000028930000)]
  0x000000001d5c0000 JavaThread "jar transforms Thread 51" [_thread_blocked, id=22976, stack(0x0000000028730000,0x0000000028830000)]
  0x000000001d5c1800 JavaThread "jar transforms Thread 50" [_thread_blocked, id=15768, stack(0x0000000028630000,0x0000000028730000)]
  0x000000001d5bf800 JavaThread "jar transforms Thread 49" [_thread_blocked, id=11960, stack(0x0000000028530000,0x0000000028630000)]
  0x0000000020a5d000 JavaThread "jar transforms Thread 48" [_thread_blocked, id=34116, stack(0x0000000028430000,0x0000000028530000)]
  0x0000000020a5a800 JavaThread "jar transforms Thread 47" [_thread_blocked, id=30044, stack(0x0000000028330000,0x0000000028430000)]
  0x0000000020a5d800 JavaThread "jar transforms Thread 46" [_thread_blocked, id=19372, stack(0x0000000028230000,0x0000000028330000)]
  0x0000000020a5a000 JavaThread "jar transforms Thread 45" [_thread_blocked, id=25820, stack(0x0000000028130000,0x0000000028230000)]
  0x0000000020a5c000 JavaThread "jar transforms Thread 44" [_thread_blocked, id=30072, stack(0x0000000028030000,0x0000000028130000)]
  0x0000000020a59000 JavaThread "jar transforms Thread 43" [_thread_blocked, id=20788, stack(0x0000000027f30000,0x0000000028030000)]
  0x0000000020a58800 JavaThread "jar transforms Thread 42" [_thread_blocked, id=32036, stack(0x0000000027e30000,0x0000000027f30000)]
  0x0000000020a5b800 JavaThread "jar transforms Thread 41" [_thread_blocked, id=34260, stack(0x0000000027d30000,0x0000000027e30000)]
  0x0000000020a51000 JavaThread "jar transforms Thread 40" [_thread_blocked, id=33648, stack(0x0000000027c30000,0x0000000027d30000)]
  0x0000000020a52800 JavaThread "jar transforms Thread 39" [_thread_blocked, id=28316, stack(0x0000000027b30000,0x0000000027c30000)]
  0x0000000020a57800 JavaThread "jar transforms Thread 38" [_thread_blocked, id=32652, stack(0x0000000027a30000,0x0000000027b30000)]
  0x0000000020a50000 JavaThread "jar transforms Thread 37" [_thread_blocked, id=7260, stack(0x0000000027930000,0x0000000027a30000)]
  0x0000000020a57000 JavaThread "jar transforms Thread 36" [_thread_blocked, id=34376, stack(0x0000000027830000,0x0000000027930000)]
  0x0000000020a4f800 JavaThread "jar transforms Thread 35" [_thread_blocked, id=12928, stack(0x0000000027730000,0x0000000027830000)]
  0x0000000020a56000 JavaThread "jar transforms Thread 34" [_thread_blocked, id=18172, stack(0x0000000027630000,0x0000000027730000)]
  0x0000000020a4e800 JavaThread "jar transforms Thread 33" [_thread_blocked, id=32420, stack(0x0000000027530000,0x0000000027630000)]
  0x0000000020a55800 JavaThread "jar transforms Thread 32" [_thread_blocked, id=34472, stack(0x0000000027430000,0x0000000027530000)]
  0x0000000020a54800 JavaThread "jar transforms Thread 31" [_thread_blocked, id=7232, stack(0x0000000027330000,0x0000000027430000)]
  0x0000000020a54000 JavaThread "jar transforms Thread 30" [_thread_blocked, id=34192, stack(0x0000000027230000,0x0000000027330000)]
  0x0000000020a53000 JavaThread "jar transforms Thread 29" [_thread_blocked, id=34024, stack(0x0000000027130000,0x0000000027230000)]
  0x0000000020a51800 JavaThread "jar transforms Thread 28" [_thread_blocked, id=34028, stack(0x0000000027030000,0x0000000027130000)]
  0x000000001ba52000 JavaThread "jar transforms Thread 27" [_thread_blocked, id=6792, stack(0x0000000026f30000,0x0000000027030000)]
  0x000000001ba55000 JavaThread "jar transforms Thread 26" [_thread_blocked, id=33364, stack(0x0000000026e30000,0x0000000026f30000)]
  0x000000001ba51000 JavaThread "jar transforms Thread 25" [_thread_blocked, id=34420, stack(0x0000000026d30000,0x0000000026e30000)]
  0x000000001ba58000 JavaThread "jar transforms Thread 24" [_thread_blocked, id=34332, stack(0x0000000026c30000,0x0000000026d30000)]
  0x000000001ba56800 JavaThread "jar transforms Thread 23" [_thread_blocked, id=33240, stack(0x0000000026b30000,0x0000000026c30000)]
  0x000000001ba53800 JavaThread "jar transforms Thread 22" [_thread_blocked, id=14700, stack(0x0000000026a30000,0x0000000026b30000)]
  0x000000001ba52800 JavaThread "jar transforms Thread 21" [_thread_blocked, id=34752, stack(0x0000000026930000,0x0000000026a30000)]
  0x000000001ba55800 JavaThread "jar transforms Thread 20" [_thread_blocked, id=34436, stack(0x0000000026830000,0x0000000026930000)]
  0x000000001ba57800 JavaThread "jar transforms Thread 19" [_thread_blocked, id=34336, stack(0x0000000026730000,0x0000000026830000)]
  0x000000001ba54000 JavaThread "jar transforms Thread 18" [_thread_blocked, id=32676, stack(0x0000000026630000,0x0000000026730000)]
  0x000000001c58e000 JavaThread "jar transforms Thread 17" [_thread_blocked, id=6864, stack(0x0000000026530000,0x0000000026630000)]
  0x000000001c58b800 JavaThread "jar transforms Thread 16" [_thread_blocked, id=25080, stack(0x0000000026430000,0x0000000026530000)]
  0x000000001c589800 JavaThread "jar transforms Thread 15" [_thread_blocked, id=33764, stack(0x0000000026330000,0x0000000026430000)]
  0x000000001c58c800 JavaThread "jar transforms Thread 14" [_thread_blocked, id=25764, stack(0x0000000026230000,0x0000000026330000)]
  0x000000001c58b000 JavaThread "jar transforms Thread 13" [_thread_blocked, id=34528, stack(0x0000000026130000,0x0000000026230000)]
  0x000000001c58e800 JavaThread "jar transforms Thread 12" [_thread_blocked, id=23384, stack(0x0000000026030000,0x0000000026130000)]
  0x000000001c58d000 JavaThread "jar transforms Thread 11" [_thread_blocked, id=20796, stack(0x0000000025f30000,0x0000000026030000)]
  0x000000001c58a000 JavaThread "jar transforms Thread 10" [_thread_blocked, id=8908, stack(0x0000000025e30000,0x0000000025f30000)]
  0x000000001c588800 JavaThread "jar transforms Thread 9" [_thread_blocked, id=4300, stack(0x0000000025d30000,0x0000000025e30000)]
  0x000000001c58f800 JavaThread "jar transforms Thread 8" [_thread_blocked, id=15760, stack(0x0000000025c30000,0x0000000025d30000)]
  0x00000000222e6800 JavaThread "jar transforms Thread 7" [_thread_blocked, id=24640, stack(0x0000000025b30000,0x0000000025c30000)]
  0x00000000222e5800 JavaThread "jar transforms Thread 6" [_thread_blocked, id=32196, stack(0x0000000025a30000,0x0000000025b30000)]
  0x00000000222e2800 JavaThread "jar transforms Thread 5" [_thread_blocked, id=27944, stack(0x0000000025930000,0x0000000025a30000)]
  0x00000000222e2000 JavaThread "jar transforms Thread 4" [_thread_blocked, id=28680, stack(0x0000000025830000,0x0000000025930000)]
  0x00000000222e4000 JavaThread "jar transforms Thread 3" [_thread_blocked, id=34488, stack(0x0000000025730000,0x0000000025830000)]
  0x00000000222e5000 JavaThread "jar transforms Thread 2" [_thread_blocked, id=14548, stack(0x0000000024920000,0x0000000024a20000)]
  0x00000000222e3800 JavaThread "Build operations Thread 12" [_thread_blocked, id=7364, stack(0x0000000025630000,0x0000000025730000)]
  0x00000000222da800 JavaThread "Build operations Thread 11" [_thread_blocked, id=34512, stack(0x0000000025530000,0x0000000025630000)]
  0x00000000222e1000 JavaThread "Build operations Thread 10" [_thread_blocked, id=11828, stack(0x0000000025430000,0x0000000025530000)]
  0x00000000222d9800 JavaThread "Build operations Thread 9" [_thread_blocked, id=29044, stack(0x0000000025330000,0x0000000025430000)]
  0x00000000222df800 JavaThread "Build operations Thread 8" [_thread_blocked, id=25808, stack(0x0000000025230000,0x0000000025330000)]
  0x00000000222e0800 JavaThread "Build operations Thread 7" [_thread_blocked, id=22740, stack(0x0000000025130000,0x0000000025230000)]
  0x00000000222df000 JavaThread "Build operations Thread 6" [_thread_blocked, id=15228, stack(0x0000000025030000,0x0000000025130000)]
  0x00000000222d7800 JavaThread "Build operations Thread 5" [_thread_blocked, id=34620, stack(0x0000000024f30000,0x0000000025030000)]
  0x00000000222dc800 JavaThread "Build operations Thread 4" [_thread_blocked, id=18200, stack(0x0000000024d30000,0x0000000024e30000)]
  0x00000000222de000 JavaThread "Build operations Thread 3" [_thread_blocked, id=34204, stack(0x0000000024c30000,0x0000000024d30000)]
  0x00000000222dc000 JavaThread "Build operations Thread 2" [_thread_blocked, id=7220, stack(0x0000000024b30000,0x0000000024c30000)]
  0x00000000222d9000 JavaThread "Build operations" [_thread_blocked, id=34644, stack(0x0000000024a30000,0x0000000024b30000)]
  0x000000001d144000 JavaThread "Cache worker for file content cache (C:\Users\Administrator\Desktop\noa\caches\6.5\fileContent)" [_thread_blocked, id=33340, stack(0x0000000023250000,0x0000000023350000)]
  0x000000001d13f800 JavaThread "jar transforms" [_thread_blocked, id=31592, stack(0x0000000023150000,0x0000000023250000)]
  0x000000001d13f000 JavaThread "Cache worker for execution history cache (C:\Users\Administrator\Desktop\noa\caches\6.5\executionHistory)" [_thread_blocked, id=33600, stack(0x0000000022a50000,0x0000000022b50000)]
  0x000000001d143800 JavaThread "Cache worker for cache directory md-rule (C:\Users\Administrator\Desktop\noa\caches\6.5\md-rule)" [_thread_blocked, id=17968, stack(0x0000000022950000,0x0000000022a50000)]
  0x000000001d142800 JavaThread "Cache worker for cache directory md-supplier (C:\Users\Administrator\Desktop\noa\caches\6.5\md-supplier)" [_thread_blocked, id=34524, stack(0x0000000021600000,0x0000000021700000)]
  0x000000001d13e000 JavaThread "Cache worker for checksums cache (C:\Users\Administrator\AndroidStudioProjects\FinalProj_Alpha\.gradle\checksums)" [_thread_blocked, id=15212, stack(0x0000000021500000,0x0000000021600000)]
  0x000000001d142000 JavaThread "Cache worker for file hash cache (C:\Users\Administrator\AndroidStudioProjects\FinalProj_Alpha\.gradle\6.5\fileHashes)" [_thread_blocked, id=33824, stack(0x0000000020210000,0x0000000020310000)]
  0x000000001d145000 JavaThread "Cache worker for file hash cache (C:\Users\Administrator\Desktop\noa\caches\6.5\fileHashes)" [_thread_blocked, id=33796, stack(0x000000001ef40000,0x000000001f040000)]
  0x000000001d141000 JavaThread "File lock request listener" [_thread_in_native, id=17468, stack(0x000000001ee40000,0x000000001ef40000)]
  0x000000001cf76800 JavaThread "Cache worker for journal cache (C:\Users\Administrator\Desktop\noa\caches\journal-1)" [_thread_blocked, id=32780, stack(0x000000001ed40000,0x000000001ee40000)]
  0x000000001cf3c800 JavaThread "Thread-9" [_thread_blocked, id=29168, stack(0x000000001ea40000,0x000000001eb40000)]
  0x000000001ce5d000 JavaThread "Stdin handler" [_thread_blocked, id=21492, stack(0x000000001e940000,0x000000001ea40000)]
  0x000000001ce5c800 JavaThread "Asynchronous log dispatcher for DefaultDaemonConnection: socket connection from /127.0.0.1:52797 to /127.0.0.1:52798" [_thread_blocked, id=25088, stack(0x000000001e840000,0x000000001e940000)]
  0x000000001ce58800 JavaThread "Daemon worker" [_thread_in_vm, id=24096, stack(0x000000001e740000,0x000000001e840000)]
  0x000000001ce60800 JavaThread "Cancel handler" [_thread_blocked, id=28736, stack(0x000000001e640000,0x000000001e740000)]
  0x000000001ce4a000 JavaThread "Handler for socket connection from /127.0.0.1:52797 to /127.0.0.1:52798" [_thread_in_native, id=20880, stack(0x000000001e540000,0x000000001e640000)]
  0x000000001ce49800 JavaThread "Daemon" [_thread_blocked, id=25960, stack(0x000000001e440000,0x000000001e540000)]
  0x000000001ce69000 JavaThread "Daemon periodic checks" [_thread_blocked, id=15956, stack(0x000000001e140000,0x000000001e240000)]
  0x000000001ce68800 JavaThread "Incoming local TCP Connector on port 52797" [_thread_in_native, id=34628, stack(0x000000001def0000,0x000000001dff0000)]
  0x000000001ce20800 JavaThread "Daemon health stats" [_thread_blocked, id=15884, stack(0x000000001c6d0000,0x000000001c7d0000)]
  0x00000000192fe800 JavaThread "Service Thread" daemon [_thread_blocked, id=11596, stack(0x000000001ad00000,0x000000001ae00000)]
  0x00000000192e7000 JavaThread "C1 CompilerThread3" daemon [_thread_in_native, id=34404, stack(0x000000001ac00000,0x000000001ad00000)]
  0x00000000192e6000 JavaThread "C2 CompilerThread2" daemon [_thread_in_native, id=17912, stack(0x000000001ab00000,0x000000001ac00000)]
  0x000000001929c000 JavaThread "C2 CompilerThread1" daemon [_thread_in_native, id=22872, stack(0x000000001aa00000,0x000000001ab00000)]
=>0x0000000019294000 JavaThread "C2 CompilerThread0" daemon [_thread_in_native, id=34468, stack(0x000000001a900000,0x000000001aa00000)]
  0x0000000019291800 JavaThread "Attach Listener" daemon [_thread_blocked, id=15948, stack(0x000000001a800000,0x000000001a900000)]
  0x00000000192e1800 JavaThread "Signal Dispatcher" daemon [_thread_blocked, id=28268, stack(0x000000001a700000,0x000000001a800000)]
  0x000000000290a800 JavaThread "Finalizer" daemon [_thread_blocked, id=33460, stack(0x000000001a500000,0x000000001a600000)]
  0x0000000017b7c000 JavaThread "Reference Handler" daemon [_thread_blocked, id=17340, stack(0x000000001a400000,0x000000001a500000)]
  0x000000000270e800 JavaThread "main" [_thread_blocked, id=33924, stack(0x0000000002710000,0x0000000002810000)]

Other Threads:
  0x0000000017b75800 VMThread [stack: 0x000000001a300000,0x000000001a400000] [id=34608]
  0x0000000019300800 WatcherThread [stack: 0x000000001ae00000,0x000000001af00000] [id=3280]

VM state:not at safepoint (normal execution)

VM Mutex/Monitor currently owned by a thread: None

heap address: 0x0000000080000000, size: 2048 MB, Compressed Oops mode: 32-bit
Narrow klass base: 0x0000000000000000, Narrow klass shift: 3
Compressed class space size: 1073741824 Address: 0x0000000100000000

Heap:
 PSYoungGen      total 204288K, used 56922K [0x00000000d5580000, 0x00000000e7400000, 0x0000000100000000)
  eden space 186880K, 30% used [0x00000000d5580000,0x00000000d8d16940,0x00000000e0c00000)
  from space 17408K, 0% used [0x00000000e6300000,0x00000000e6300000,0x00000000e7400000)
  to   space 21504K, 0% used [0x00000000e0c00000,0x00000000e0c00000,0x00000000e2100000)
 ParOldGen       total 219136K, used 36881K [0x0000000080000000, 0x000000008d600000, 0x00000000d5580000)
  object space 219136K, 16% used [0x0000000080000000,0x0000000082404470,0x000000008d600000)
 Metaspace       used 60200K, capacity 62588K, committed 62872K, reserved 1103872K
  class space    used 8330K, capacity 8847K, committed 8880K, reserved 1048576K

Card table byte_map: [0x0000000011cd0000,0x00000000120e0000] byte_map_base: 0x00000000118d0000

Marking Bits: (ParMarkBitMap*) 0x000000005c72f030
 Begin Bits: [0x0000000012d90000, 0x0000000014d90000)
 End Bits:   [0x0000000014d90000, 0x0000000016d90000)

Polling page: 0x0000000000df0000

CodeCache: size=245760Kb used=18946Kb max_used=18946Kb free=226813Kb
 bounds [0x0000000002910000, 0x0000000003ba0000, 0x0000000011910000]
 total_blobs=6181 nmethods=5405 adapters=689
 compilation: enabled

Compilation events (10 events):
Event: 4.828 Thread 0x00000000192e7000 nmethod 5431 0x0000000003b82310 code [0x0000000003b824c0, 0x0000000003b82bb8]
Event: 4.828 Thread 0x00000000192e7000 5432       1       java.util.WeakHashMap::indexFor (6 bytes)
Event: 4.828 Thread 0x00000000192e7000 nmethod 5432 0x0000000003abd050 code [0x0000000003abd1a0, 0x0000000003abd290]
Event: 4.828 Thread 0x00000000192e7000 5433       3       org.gradle.internal.instantiation.generator.ManagedObjectFactory::displayNameFor (70 bytes)
Event: 4.829 Thread 0x00000000192e7000 nmethod 5433 0x0000000003b82e90 code [0x0000000003b830c0, 0x0000000003b83f58]
Event: 4.829 Thread 0x00000000192e7000 5435       3       java.lang.invoke.InnerClassLambdaMetafactory::spinInnerClass (515 bytes)
Event: 4.832 Thread 0x00000000192e7000 nmethod 5435 0x0000000003b84550 code [0x0000000003b84b20, 0x0000000003b88578]
Event: 4.832 Thread 0x00000000192e7000 5436       3       java.lang.invoke.InnerClassLambdaMetafactory$ForwardingMethodGenerator::generate (176 bytes)
Event: 4.833 Thread 0x00000000192e7000 nmethod 5436 0x0000000003b8ab90 code [0x0000000003b8ae60, 0x0000000003b8c598]
Event: 4.833 Thread 0x00000000192e7000 5434   !   3       java.lang.invoke.InnerClassLambdaMetafactory::buildCallSite (156 bytes)

GC Heap History (10 events):
Event: 2.628 GC heap before
{Heap before GC invocations=5 (full 1):
 PSYoungGen      total 152576K, used 44759K [0x00000000d5580000, 0x00000000e3600000, 0x0000000100000000)
  eden space 131072K, 23% used [0x00000000d5580000,0x00000000d735abf8,0x00000000dd580000)
  from space 21504K, 65% used [0x00000000dd580000,0x00000000de35b1a8,0x00000000dea80000)
  to   space 21504K, 0% used [0x00000000e2100000,0x00000000e2100000,0x00000000e3600000)
 ParOldGen       total 219136K, used 13340K [0x0000000080000000, 0x000000008d600000, 0x00000000d5580000)
  object space 219136K, 6% used [0x0000000080000000,0x0000000080d07240,0x000000008d600000)
 Metaspace       used 34306K, capacity 35414K, committed 35496K, reserved 1079296K
  class space    used 4722K, capacity 5002K, committed 5040K, reserved 1048576K
Event: 2.632 GC heap after
Heap after GC invocations=5 (full 1):
 PSYoungGen      total 208384K, used 8282K [0x00000000d5580000, 0x00000000e4700000, 0x0000000100000000)
  eden space 186880K, 0% used [0x00000000d5580000,0x00000000d5580000,0x00000000e0c00000)
  from space 21504K, 38% used [0x00000000e2100000,0x00000000e2916928,0x00000000e3600000)
  to   space 21504K, 0% used [0x00000000e0c00000,0x00000000e0c00000,0x00000000e2100000)
 ParOldGen       total 219136K, used 13348K [0x0000000080000000, 0x000000008d600000, 0x00000000d5580000)
  object space 219136K, 6% used [0x0000000080000000,0x0000000080d09240,0x000000008d600000)
 Metaspace       used 34306K, capacity 35414K, committed 35496K, reserved 1079296K
  class space    used 4722K, capacity 5002K, committed 5040K, reserved 1048576K
}
Event: 2.632 GC heap before
{Heap before GC invocations=6 (full 2):
 PSYoungGen      total 208384K, used 8282K [0x00000000d5580000, 0x00000000e4700000, 0x0000000100000000)
  eden space 186880K, 0% used [0x00000000d5580000,0x00000000d5580000,0x00000000e0c00000)
  from space 21504K, 38% used [0x00000000e2100000,0x00000000e2916928,0x00000000e3600000)
  to   space 21504K, 0% used [0x00000000e0c00000,0x00000000e0c00000,0x00000000e2100000)
 ParOldGen       total 219136K, used 13348K [0x0000000080000000, 0x000000008d600000, 0x00000000d5580000)
  object space 219136K, 6% used [0x0000000080000000,0x0000000080d09240,0x000000008d600000)
 Metaspace       used 34306K, capacity 35414K, committed 35496K, reserved 1079296K
  class space    used 4722K, capacity 5002K, committed 5040K, reserved 1048576K
Event: 2.659 GC heap after
Heap after GC invocations=6 (full 2):
 PSYoungGen      total 208384K, used 0K [0x00000000d5580000, 0x00000000e4700000, 0x0000000100000000)
  eden space 186880K, 0% used [0x00000000d5580000,0x00000000d5580000,0x00000000e0c00000)
  from space 21504K, 0% used [0x00000000e2100000,0x00000000e2100000,0x00000000e3600000)
  to   space 21504K, 0% used [0x00000000e0c00000,0x00000000e0c00000,0x00000000e2100000)
 ParOldGen       total 219136K, used 14795K [0x0000000080000000, 0x000000008d600000, 0x00000000d5580000)
  object space 219136K, 6% used [0x0000000080000000,0x0000000080e72c50,0x000000008d600000)
 Metaspace       used 34306K, capacity 35414K, committed 35496K, reserved 1079296K
  class space    used 4722K, capacity 5002K, committed 5040K, reserved 1048576K
}
Event: 3.455 GC heap before
{Heap before GC invocations=7 (full 2):
 PSYoungGen      total 208384K, used 186880K [0x00000000d5580000, 0x00000000e4700000, 0x0000000100000000)
  eden space 186880K, 100% used [0x00000000d5580000,0x00000000e0c00000,0x00000000e0c00000)
  from space 21504K, 0% used [0x00000000e2100000,0x00000000e2100000,0x00000000e3600000)
  to   space 21504K, 0% used [0x00000000e0c00000,0x00000000e0c00000,0x00000000e2100000)
 ParOldGen       total 219136K, used 14795K [0x0000000080000000, 0x000000008d600000, 0x00000000d5580000)
  object space 219136K, 6% used [0x0000000080000000,0x0000000080e72c50,0x000000008d600000)
 Metaspace       used 44380K, capacity 46288K, committed 46376K, reserved 1089536K
  class space    used 6039K, capacity 6418K, committed 6448K, reserved 1048576K
Event: 3.462 GC heap after
Heap after GC invocations=7 (full 2):
 PSYoungGen      total 208384K, used 14091K [0x00000000d5580000, 0x00000000e7400000, 0x0000000100000000)
  eden space 186880K, 0% used [0x00000000d5580000,0x00000000d5580000,0x00000000e0c00000)
  from space 21504K, 65% used [0x00000000e0c00000,0x00000000e19c2d60,0x00000000e2100000)
  to   space 17408K, 0% used [0x00000000e6300000,0x00000000e6300000,0x00000000e7400000)
 ParOldGen       total 219136K, used 14803K [0x0000000080000000, 0x000000008d600000, 0x00000000d5580000)
  object space 219136K, 6% used [0x0000000080000000,0x0000000080e74c50,0x000000008d600000)
 Metaspace       used 44380K, capacity 46288K, committed 46376K, reserved 1089536K
  class space    used 6039K, capacity 6418K, committed 6448K, reserved 1048576K
}
Event: 4.387 GC heap before
{Heap before GC invocations=8 (full 2):
 PSYoungGen      total 208384K, used 167234K [0x00000000d5580000, 0x00000000e7400000, 0x0000000100000000)
  eden space 186880K, 81% used [0x00000000d5580000,0x00000000deb0dc30,0x00000000e0c00000)
  from space 21504K, 65% used [0x00000000e0c00000,0x00000000e19c2d60,0x00000000e2100000)
  to   space 17408K, 0% used [0x00000000e6300000,0x00000000e6300000,0x00000000e7400000)
 ParOldGen       total 219136K, used 14803K [0x0000000080000000, 0x000000008d600000, 0x00000000d5580000)
  object space 219136K, 6% used [0x0000000080000000,0x0000000080e74c50,0x000000008d600000)
 Metaspace       used 56728K, capacity 59110K, committed 59160K, reserved 1099776K
  class space    used 7775K, capacity 8238K, committed 8240K, reserved 1048576K
Event: 4.399 GC heap after
Heap after GC invocations=8 (full 2):
 PSYoungGen      total 204288K, used 17388K [0x00000000d5580000, 0x00000000e7400000, 0x0000000100000000)
  eden space 186880K, 0% used [0x00000000d5580000,0x00000000d5580000,0x00000000e0c00000)
  from space 17408K, 99% used [0x00000000e6300000,0x00000000e73fb330,0x00000000e7400000)
  to   space 21504K, 0% used [0x00000000e0c00000,0x00000000e0c00000,0x00000000e2100000)
 ParOldGen       total 219136K, used 22475K [0x0000000080000000, 0x000000008d600000, 0x00000000d5580000)
  object space 219136K, 10% used [0x0000000080000000,0x00000000815f2fa8,0x000000008d600000)
 Metaspace       used 56728K, capacity 59110K, committed 59160K, reserved 1099776K
  class space    used 7775K, capacity 8238K, committed 8240K, reserved 1048576K
}
Event: 4.399 GC heap before
{Heap before GC invocations=9 (full 3):
 PSYoungGen      total 204288K, used 17388K [0x00000000d5580000, 0x00000000e7400000, 0x0000000100000000)
  eden space 186880K, 0% used [0x00000000d5580000,0x00000000d5580000,0x00000000e0c00000)
  from space 17408K, 99% used [0x00000000e6300000,0x00000000e73fb330,0x00000000e7400000)
  to   space 21504K, 0% used [0x00000000e0c00000,0x00000000e0c00000,0x00000000e2100000)
 ParOldGen       total 219136K, used 22475K [0x0000000080000000, 0x000000008d600000, 0x00000000d5580000)
  object space 219136K, 10% used [0x0000000080000000,0x00000000815f2fa8,0x000000008d600000)
 Metaspace       used 56728K, capacity 59110K, committed 59160K, reserved 1099776K
  class space    used 7775K, capacity 8238K, committed 8240K, reserved 1048576K
Event: 4.527 GC heap after
Heap after GC invocations=9 (full 3):
 PSYoungGen      total 204288K, used 0K [0x00000000d5580000, 0x00000000e7400000, 0x0000000100000000)
  eden space 186880K, 0% used [0x00000000d5580000,0x00000000d5580000,0x00000000e0c00000)
  from space 17408K, 0% used [0x00000000e6300000,0x00000000e6300000,0x00000000e7400000)
  to   space 21504K, 0% used [0x00000000e0c00000,0x00000000e0c00000,0x00000000e2100000)
 ParOldGen       total 219136K, used 36881K [0x0000000080000000, 0x000000008d600000, 0x00000000d5580000)
  object space 219136K, 16% used [0x0000000080000000,0x0000000082404470,0x000000008d600000)
 Metaspace       used 56648K, capacity 58840K, committed 59160K, reserved 1099776K
  class space    used 7751K, capacity 8193K, committed 8240K, reserved 1048576K
}

Deoptimization events (10 events):
Event: 4.536 Thread 0x000000001ce58800 Uncommon trap: reason=bimorphic action=maybe_recompile pc=0x00000000037fd0d4 method=java.util.regex.Pattern$5.isSatisfiedBy(I)Z @ 16
Event: 4.536 Thread 0x000000001ce58800 Uncommon trap: reason=bimorphic action=maybe_recompile pc=0x00000000037fd0d4 method=java.util.regex.Pattern$5.isSatisfiedBy(I)Z @ 16
Event: 4.679 Thread 0x000000001ce58800 Uncommon trap: reason=unstable_if action=reinterpret pc=0x0000000002eda128 method=java.util.regex.Pattern$BmpCharProperty.match(Ljava/util/regex/Matcher;ILjava/lang/CharSequence;)Z @ 34
Event: 4.683 Thread 0x000000001ce58800 Uncommon trap: reason=unstable_if action=reinterpret pc=0x0000000003829ed8 method=com.sun.org.apache.xerces.internal.impl.XMLEntityScanner.scanLiteral(ILcom/sun/org/apache/xerces/internal/xni/XMLString;Z)I @ 660
Event: 4.690 Thread 0x000000001ce58800 Uncommon trap: reason=unstable_if action=reinterpret pc=0x000000000358a19c method=java.lang.CharacterDataLatin1.digit(II)I @ 31
Event: 4.701 Thread 0x000000001ce58800 Uncommon trap: reason=unstable_if action=reinterpret pc=0x0000000003688928 method=java.lang.CharacterDataLatin1.digit(II)I @ 31
Event: 4.708 Thread 0x000000001ce58800 Uncommon trap: reason=unstable_if action=reinterpret pc=0x00000000037bd0d8 method=com.google.gson.stream.JsonReader.doPeek()I @ 315
Event: 4.744 Thread 0x000000001ce58800 Uncommon trap: reason=unstable_if action=reinterpret pc=0x0000000002ccbc74 method=java.lang.String.lastIndexOf([CII[CIII)I @ 118
Event: 4.761 Thread 0x000000001ce58800 Uncommon trap: reason=unstable_if action=reinterpret pc=0x00000000032632dc method=java.util.HashMap.putVal(ILjava/lang/Object;Ljava/lang/Object;ZZ)Ljava/lang/Object; @ 109
Event: 4.761 Thread 0x000000001ce58800 Uncommon trap: reason=unstable_if action=reinterpret pc=0x0000000003aa4f2c method=java.util.HashMap.putVal(ILjava/lang/Object;Ljava/lang/Object;ZZ)Ljava/lang/Object; @ 109

Classes redefined (0 events):
No events

Internal exceptions (10 events):
Event: 4.555 Thread 0x000000001ce58800 Exception <a 'java/lang/ClassNotFoundException': com/sun/org/glassfish/hk2/osgiresourcelocator/ServiceLoader> (0x00000000d5c70d20) thrown at [C:\src\AOSP-openjdk-git\hotspot\src\share\vm\classfile\systemDictionary.cpp, line 210]
Event: 4.582 Thread 0x000000001ce58800 Exception <a 'java/lang/NullPointerException'> (0x00000000d60ef458) thrown at [C:\src\AOSP-openjdk-git\hotspot\src\share\vm\interpreter\linkResolver.cpp, line 1287]
Event: 4.716 Thread 0x000000001ce58800 Exception <a 'java/lang/ClassNotFoundException': org/gradle/api/internal/file/collections/DefaultConfigurableFileTreeBeanInfo> (0x00000000d76be530) thrown at [C:\src\AOSP-openjdk-git\hotspot\src\share\vm\classfile\systemDictionary.cpp, line 210]
Event: 4.716 Thread 0x000000001ce58800 Exception <a 'java/lang/ClassNotFoundException': org/gradle/api/internal/file/CompositeFileTreeBeanInfo> (0x00000000d76d7a20) thrown at [C:\src\AOSP-openjdk-git\hotspot\src\share\vm\classfile\systemDictionary.cpp, line 210]
Event: 4.716 Thread 0x000000001ce58800 Exception <a 'java/lang/ClassNotFoundException': org/gradle/api/internal/file/CompositeFileCollectionBeanInfo> (0x00000000d76f2cd0) thrown at [C:\src\AOSP-openjdk-git\hotspot\src\share\vm\classfile\systemDictionary.cpp, line 210]
Event: 4.716 Thread 0x000000001ce58800 Exception <a 'java/lang/ClassNotFoundException': org/gradle/api/internal/file/AbstractFileCollectionBeanInfo> (0x00000000d770df80) thrown at [C:\src\AOSP-openjdk-git\hotspot\src\share\vm\classfile\systemDictionary.cpp, line 210]
Event: 4.717 Thread 0x000000001ce58800 Exception <a 'java/lang/ClassNotFoundException': org/gradle/api/internal/file/AbstractFileCollectionCustomizer> (0x00000000d7729830) thrown at [C:\src\AOSP-openjdk-git\hotspot\src\share\vm\classfile\systemDictionary.cpp, line 210]
Event: 4.717 Thread 0x000000001ce58800 Exception <a 'java/lang/ClassNotFoundException': org/gradle/api/internal/file/CompositeFileCollectionCustomizer> (0x00000000d7756578) thrown at [C:\src\AOSP-openjdk-git\hotspot\src\share\vm\classfile\systemDictionary.cpp, line 210]
Event: 4.717 Thread 0x000000001ce58800 Exception <a 'java/lang/ClassNotFoundException': org/gradle/api/internal/file/CompositeFileTreeCustomizer> (0x00000000d777c798) thrown at [C:\src\AOSP-openjdk-git\hotspot\src\share\vm\classfile\systemDictionary.cpp, line 210]
Event: 4.717 Thread 0x000000001ce58800 Exception <a 'java/lang/ClassNotFoundException': org/gradle/api/internal/file/collections/DefaultConfigurableFileTreeCustomizer> (0x00000000d77a9320) thrown at [C:\src\AOSP-openjdk-git\hotspot\src\share\vm\classfile\systemDictionary.cpp, line 210]

Events (10 events):
Event: 4.828 loading class com/android/build/gradle/tasks/MergeResources$CreationAction
Event: 4.828 loading class com/android/build/gradle/tasks/MergeResources$CreationAction done
Event: 4.829 loading class kotlin/ranges/RangesKt
Event: 4.829 loading class kotlin/ranges/RangesKt done
Event: 4.829 loading class com/android/build/gradle/internal/api/DefaultAndroidSourceDirectorySet$getBuildableArtifact$1
Event: 4.829 loading class com/android/build/gradle/internal/api/DefaultAndroidSourceDirectorySet$getBuildableArtifact$1 done
Event: 4.830 loading class com/android/build/gradle/tasks/MergeResources
Event: 4.830 loading class com/android/build/gradle/tasks/MergeResources done
Event: 4.830 loading class com/android/build/gradle/tasks/MergeResources
Event: 4.830 loading class com/android/build/gradle/tasks/MergeResources done


Dynamic libraries:
0x00007ff6340f0000 - 0x00007ff634121000 	C:\Program Files\Android\Android Studio1\jre\bin\java.exe
0x00007ffeb64c0000 - 0x00007ffeb66c9000 	C:\WINDOWS\SYSTEM32\ntdll.dll
0x00007ffeb5900000 - 0x00007ffeb59bd000 	C:\WINDOWS\System32\KERNEL32.DLL
0x00007ffeb3a10000 - 0x00007ffeb3d8b000 	C:\WINDOWS\System32\KERNELBASE.dll
0x00007ffeb5790000 - 0x00007ffeb583e000 	C:\WINDOWS\System32\ADVAPI32.dll
0x00007ffeb6010000 - 0x00007ffeb60b3000 	C:\WINDOWS\System32\msvcrt.dll
0x00007ffeb5f70000 - 0x00007ffeb600e000 	C:\WINDOWS\System32\sechost.dll
0x00007ffeb5a00000 - 0x00007ffeb5b20000 	C:\WINDOWS\System32\RPCRT4.dll
0x00007ffeb6210000 - 0x00007ffeb63bd000 	C:\WINDOWS\System32\USER32.dll
0x00007ffeb4310000 - 0x00007ffeb4336000 	C:\WINDOWS\System32\win32u.dll
0x00007ffeb63c0000 - 0x00007ffeb63e9000 	C:\WINDOWS\System32\GDI32.dll
0x00007ffeb3fe0000 - 0x00007ffeb40f8000 	C:\WINDOWS\System32\gdi32full.dll
0x00007ffeb4270000 - 0x00007ffeb430d000 	C:\WINDOWS\System32\msvcp_win.dll
0x00007ffeb3e50000 - 0x00007ffeb3f61000 	C:\WINDOWS\System32\ucrtbase.dll
0x00007ffea89a0000 - 0x00007ffea8c45000 	C:\WINDOWS\WinSxS\amd64_microsoft.windows.common-controls_6595b64144ccf1df_6.0.22000.120_none_9d947278b86cc467\COMCTL32.dll
0x00007ffeb59c0000 - 0x00007ffeb59f1000 	C:\WINDOWS\System32\IMM32.DLL
0x000000005cf90000 - 0x000000005d062000 	C:\Program Files\Android\Android Studio1\jre\jre\bin\msvcr100.dll
0x000000005bf60000 - 0x000000005c7ab000 	C:\Program Files\Android\Android Studio1\jre\jre\bin\server\jvm.dll
0x00007ffeb4430000 - 0x00007ffeb4438000 	C:\WINDOWS\System32\PSAPI.DLL
0x00007ffeaf750000 - 0x00007ffeaf783000 	C:\WINDOWS\SYSTEM32\WINMM.dll
0x00007ffeafa90000 - 0x00007ffeafa9a000 	C:\WINDOWS\SYSTEM32\VERSION.dll
0x00007ffeaf3c0000 - 0x00007ffeaf3c9000 	C:\WINDOWS\SYSTEM32\WSOCK32.dll
0x00007ffeb5f00000 - 0x00007ffeb5f6f000 	C:\WINDOWS\System32\WS2_32.dll
0x00007ffeb00b0000 - 0x00007ffeb00bf000 	C:\Program Files\Android\Android Studio1\jre\jre\bin\verify.dll
0x00007ffeacb50000 - 0x00007ffeacb79000 	C:\Program Files\Android\Android Studio1\jre\jre\bin\java.dll
0x00007ffeaf490000 - 0x00007ffeaf4a6000 	C:\Program Files\Android\Android Studio1\jre\jre\bin\zip.dll
0x00007ffeb48b0000 - 0x00007ffeb5068000 	C:\WINDOWS\System32\SHELL32.dll
0x00007ffeb1a80000 - 0x00007ffeb22e5000 	C:\WINDOWS\SYSTEM32\windows.storage.dll
0x00007ffeb5b20000 - 0x00007ffeb5e97000 	C:\WINDOWS\System32\combase.dll
0x00007ffeb1910000 - 0x00007ffeb1a76000 	C:\WINDOWS\SYSTEM32\wintypes.dll
0x00007ffeb4340000 - 0x00007ffeb442a000 	C:\WINDOWS\System32\SHCORE.dll
0x00007ffeb6420000 - 0x00007ffeb647d000 	C:\WINDOWS\System32\shlwapi.dll
0x00007ffeb38c0000 - 0x00007ffeb38e1000 	C:\WINDOWS\SYSTEM32\profapi.dll
0x00007ffeadb10000 - 0x00007ffeadb2a000 	C:\Program Files\Android\Android Studio1\jre\jre\bin\net.dll
0x00007ffeb2fa0000 - 0x00007ffeb3007000 	C:\WINDOWS\system32\mswsock.dll
0x00007ffeac530000 - 0x00007ffeac543000 	C:\Program Files\Android\Android Studio1\jre\jre\bin\nio.dll
0x00007ffe89ef0000 - 0x00007ffe89f17000 	C:\Users\Administrator\Desktop\noa\native\f6784746aeab05261644944871eae4fe03e0ef1612fff0a4a95f87b438bc6780\windows-amd64\native-platform.dll
0x00007ffeaf3b0000 - 0x00007ffeaf3bd000 	C:\Program Files\Android\Android Studio1\jre\jre\bin\management.dll
0x00007ffeb31f0000 - 0x00007ffeb3208000 	C:\WINDOWS\SYSTEM32\CRYPTSP.dll
0x00007ffeb2970000 - 0x00007ffeb29a5000 	C:\WINDOWS\system32\rsaenh.dll
0x00007ffeb3090000 - 0x00007ffeb30b9000 	C:\WINDOWS\SYSTEM32\USERENV.dll
0x00007ffeb3370000 - 0x00007ffeb3397000 	C:\WINDOWS\SYSTEM32\bcrypt.dll
0x00007ffeb3990000 - 0x00007ffeb3a0f000 	C:\WINDOWS\System32\bcryptprimitives.dll
0x00007ffeb31e0000 - 0x00007ffeb31ec000 	C:\WINDOWS\SYSTEM32\CRYPTBASE.dll
0x00007ffeb2540000 - 0x00007ffeb256d000 	C:\WINDOWS\SYSTEM32\IPHLPAPI.DLL
0x00007ffeb5780000 - 0x00007ffeb5789000 	C:\WINDOWS\System32\NSI.dll
0x00007ffeafab0000 - 0x00007ffeafac9000 	C:\WINDOWS\SYSTEM32\dhcpcsvc6.DLL
0x00007ffeafb30000 - 0x00007ffeafb4e000 	C:\WINDOWS\SYSTEM32\dhcpcsvc.DLL
0x00007ffeb2570000 - 0x00007ffeb2658000 	C:\WINDOWS\SYSTEM32\DNSAPI.dll
0x00007ffeafaa0000 - 0x00007ffeafaac000 	C:\WINDOWS\SYSTEM32\WINNSI.DLL

VM Arguments:
jvm_args: -Xmx2048m -Dfile.encoding=UTF-8 -Duser.country=US -Duser.language=en -Duser.variant 
java_command: org.gradle.launcher.daemon.bootstrap.GradleDaemon 6.5
java_class_path (initial): C:\Users\Administrator\Desktop\noa\wrapper\dists\gradle-6.5-bin\6nifqtx7604sqp1q6g8wikw7p\gradle-6.5\lib\gradle-launcher-6.5.jar
Launcher Type: SUN_STANDARD

Environment Variables:
PATH=C:\Program Files (x86)\Common Files\Oracle\Java\javapath;C:\Windows\system32;C:\Windows;C:\Windows\System32\Wbem;C:\Windows\System32\WindowsPowerShell\v1.0\;C:\Program Files\Git\cmd;C:\Program Files\Git\mingw64\bin;C:\Program Files\Git\usr\bin;C:\python39\scripts;;C:\Program Files\NVIDIA Corporation\NVIDIA NvDLISR;C:\Program Files (x86)\NVIDIA Corporation\PhysX\Common;C:\WINDOWS\system32;C:\WINDOWS;C:\WINDOWS\System32\Wbem;C:\WINDOWS\System32\WindowsPowerShell\v1.0\;C:\WINDOWS\System32\OpenSSH\;C:\Program Files\dotnet\;C:\Users\Administrator\AppData\Local\Programs\Python\Python39\Scripts\;C:\Users\Administrator\AppData\Local\Programs\Python\Python39\;C:\Users\Administrator\AppData\Local\Microsoft\WindowsApps;
USERNAME=Administrator
OS=Windows_NT
PROCESSOR_IDENTIFIER=Intel64 Family 6 Model 158 Stepping 10, GenuineIntel



---------------  S Y S T E M  ---------------

OS: Windows 10.0 , 64 bit Build 22000 (10.0.22000.708)

CPU:total 12 (initial active 12) (6 cores per cpu, 2 threads per core) family 6 model 158 stepping 10, cmov, cx8, fxsr, mmx, sse, sse2, sse3, ssse3, sse4.1, sse4.2, popcnt, avx, avx2, aes, clmul, erms, rtm, 3dnowpref, lzcnt, ht, tsc, tscinvbit, bmi1, bmi2, adx

Memory: 4k page, physical 33389236k(8562012k free), swap 33389236k(5356k free)

vm_info: OpenJDK 64-Bit Server VM (25.242-b01) for windows-amd64 JRE (1.8.0_242-release-1644-b01), built by "builder" with MS VC++ 10.0 (VS2010)

time: Fri Oct 21 13:36:25 2022
timezone: Jerusalem Daylight Time
elapsed time: 4 seconds (0d 0h 0m 4s)

